<?xml version="1.0" encoding="UTF-8"?>
<!-- Generated by org.testng.reporters.JUnitXMLReporter -->
<testsuite hostname="uascs-Air.fios-router.home" name="verizon test" tests="3" failures="0" timestamp="5 Mar 2020 15:02:06 GMT" time="234.694" errors="0">
  <testcase name="getTitle" time="0.067" classname="Tests.MoreOptionPageTest"/>
  <testcase name="doSendAndClick" time="81.469" classname="Tests.MoreOptionPageTest"/>
  <testcase name="tearDown" time="0.329" classname="Tests.MoreOptionPageTest"/>
</testsuite> <!-- verizon test -->
